<?xml version="1.0" encoding="UTF-8" standalone="no"?>
<testsuite errors="0" failures="5" name="io.cucumber.core.plugin.JUnitFormatter" skipped="0" tests="5" time="6.959">
    <testcase classname="Check Login Functionality" name="user should be able to access registeration page" time="2.056">
        <failure message="session not created: This version of ChromeDriver only supports Chrome version 90&#10;Current browser version is 114.0.5735.199 with binary path C:\Program Files\Google\Chrome\Application\chrome.exe&#10;Build info: version: '3.141.59', revision: 'e82be7d358', time: '2018-11-14T08:17:03'&#10;System info: host: 'LIN80032459', ip: '10.50.139.125', os.name: 'Windows 11', os.arch: 'amd64', os.version: '10.0', java.version: '17.0.4.1'&#10;Driver info: driver.version: ChromeDriver&#10;remote stacktrace: Backtrace:&#10;&#9;Ordinal0 [0x0042C013+2474003]&#10;&#9;Ordinal0 [0x003C29C1+2042305]&#10;&#9;Ordinal0 [0x002D2F68+1060712]&#10;&#9;Ordinal0 [0x002F188E+1185934]&#10;&#9;Ordinal0 [0x002ED600+1168896]&#10;&#9;Ordinal0 [0x002EAA83+1157763]&#10;&#9;Ordinal0 [0x0031A2A2+1352354]&#10;&#9;Ordinal0 [0x00318FAA+1347498]&#10;&#9;Ordinal0 [0x003166DB+1337051]&#10;&#9;Ordinal0 [0x002F3427+1192999]&#10;&#9;Ordinal0 [0x002F42EE+1196782]&#10;&#9;Ordinal0 [0x002F4279+1196665]&#10;&#9;GetHandleVerifier [0x005B96FC+1590332]&#10;&#9;GetHandleVerifier [0x00668614+2306900]&#10;&#9;GetHandleVerifier [0x004B9E93+543699]&#10;&#9;GetHandleVerifier [0x004B92CE+540686]&#10;&#9;Ordinal0 [0x003C86BA+2066106]&#10;&#9;Ordinal0 [0x003CD1C8+2085320]&#10;&#9;Ordinal0 [0x003CD308+2085640]&#10;&#9;Ordinal0 [0x003D67F3+2123763]&#10;&#9;BaseThreadInitThunk [0x76E27D59+25]&#10;&#9;RtlInitializeExceptionChain [0x77A6B74B+107]&#10;&#9;RtlClearBits [0x77A6B6CF+191]&#10;" type="org.openqa.selenium.SessionNotCreatedException"><![CDATA[Given browser is open.......................................................failed
When user enters the url....................................................skipped
Then user is redirected to home page........................................skipped
Then user clicks on create account and then myself..........................skipped
Then user is redirected to registeration page...............................skipped

StackTrace:
org.openqa.selenium.SessionNotCreatedException: session not created: This version of ChromeDriver only supports Chrome version 90
Current browser version is 114.0.5735.199 with binary path C:\Program Files\Google\Chrome\Application\chrome.exe
Build info: version: '3.141.59', revision: 'e82be7d358', time: '2018-11-14T08:17:03'
System info: host: 'LIN80032459', ip: '10.50.139.125', os.name: 'Windows 11', os.arch: 'amd64', os.version: '10.0', java.version: '17.0.4.1'
Driver info: driver.version: ChromeDriver
remote stacktrace: Backtrace:
	Ordinal0 [0x0042C013+2474003]
	Ordinal0 [0x003C29C1+2042305]
	Ordinal0 [0x002D2F68+1060712]
	Ordinal0 [0x002F188E+1185934]
	Ordinal0 [0x002ED600+1168896]
	Ordinal0 [0x002EAA83+1157763]
	Ordinal0 [0x0031A2A2+1352354]
	Ordinal0 [0x00318FAA+1347498]
	Ordinal0 [0x003166DB+1337051]
	Ordinal0 [0x002F3427+1192999]
	Ordinal0 [0x002F42EE+1196782]
	Ordinal0 [0x002F4279+1196665]
	GetHandleVerifier [0x005B96FC+1590332]
	GetHandleVerifier [0x00668614+2306900]
	GetHandleVerifier [0x004B9E93+543699]
	GetHandleVerifier [0x004B92CE+540686]
	Ordinal0 [0x003C86BA+2066106]
	Ordinal0 [0x003CD1C8+2085320]
	Ordinal0 [0x003CD308+2085640]
	Ordinal0 [0x003D67F3+2123763]
	BaseThreadInitThunk [0x76E27D59+25]
	RtlInitializeExceptionChain [0x77A6B74B+107]
	RtlClearBits [0x77A6B6CF+191]

	at java.base/jdk.internal.reflect.NativeConstructorAccessorImpl.newInstance0(Native Method)
	at java.base/jdk.internal.reflect.NativeConstructorAccessorImpl.newInstance(NativeConstructorAccessorImpl.java:77)
	at java.base/jdk.internal.reflect.DelegatingConstructorAccessorImpl.newInstance(DelegatingConstructorAccessorImpl.java:45)
	at java.base/java.lang.reflect.Constructor.newInstanceWithCaller(Constructor.java:499)
	at java.base/java.lang.reflect.Constructor.newInstance(Constructor.java:480)
	at org.openqa.selenium.remote.W3CHandshakeResponse.lambda$errorHandler$0(W3CHandshakeResponse.java:62)
	at org.openqa.selenium.remote.HandshakeResponse.lambda$getResponseFunction$0(HandshakeResponse.java:30)
	at org.openqa.selenium.remote.ProtocolHandshake.lambda$createSession$0(ProtocolHandshake.java:126)
	at java.base/java.util.stream.ReferencePipeline$3$1.accept(ReferencePipeline.java:197)
	at java.base/java.util.Spliterators$ArraySpliterator.tryAdvance(Spliterators.java:1002)
	at java.base/java.util.stream.ReferencePipeline.forEachWithCancel(ReferencePipeline.java:129)
	at java.base/java.util.stream.AbstractPipeline.copyIntoWithCancel(AbstractPipeline.java:527)
	at java.base/java.util.stream.AbstractPipeline.copyInto(AbstractPipeline.java:513)
	at java.base/java.util.stream.AbstractPipeline.wrapAndCopyInto(AbstractPipeline.java:499)
	at java.base/java.util.stream.FindOps$FindOp.evaluateSequential(FindOps.java:150)
	at java.base/java.util.stream.AbstractPipeline.evaluate(AbstractPipeline.java:234)
	at java.base/java.util.stream.ReferencePipeline.findFirst(ReferencePipeline.java:647)
	at org.openqa.selenium.remote.ProtocolHandshake.createSession(ProtocolHandshake.java:128)
	at org.openqa.selenium.remote.ProtocolHandshake.createSession(ProtocolHandshake.java:74)
	at org.openqa.selenium.remote.HttpCommandExecutor.execute(HttpCommandExecutor.java:136)
	at org.openqa.selenium.remote.service.DriverCommandExecutor.execute(DriverCommandExecutor.java:83)
	at org.openqa.selenium.remote.RemoteWebDriver.execute(RemoteWebDriver.java:552)
	at org.openqa.selenium.remote.RemoteWebDriver.startSession(RemoteWebDriver.java:213)
	at org.openqa.selenium.remote.RemoteWebDriver.<init>(RemoteWebDriver.java:131)
	at org.openqa.selenium.chrome.ChromeDriver.<init>(ChromeDriver.java:181)
	at org.openqa.selenium.chrome.ChromeDriver.<init>(ChromeDriver.java:168)
	at org.openqa.selenium.chrome.ChromeDriver.<init>(ChromeDriver.java:123)
	at stepdefinition.TC1_steps.brower_is_open(TC1_steps.java:19)
	at ✽.browser is open(file:///C:/Users/NVISWANA/Downloads/gmailMaven(1)/Gmail_maven/src/test/resources/Features/registration.feature:4)
]]></failure>
    </testcase>
    <testcase classname="Check Login Functionality" name="user should be able to enter data in regirstration form" time="1.195">
        <failure message="session not created: This version of ChromeDriver only supports Chrome version 90&#10;Current browser version is 114.0.5735.199 with binary path C:\Program Files\Google\Chrome\Application\chrome.exe&#10;Build info: version: '3.141.59', revision: 'e82be7d358', time: '2018-11-14T08:17:03'&#10;System info: host: 'LIN80032459', ip: '10.50.139.125', os.name: 'Windows 11', os.arch: 'amd64', os.version: '10.0', java.version: '17.0.4.1'&#10;Driver info: driver.version: ChromeDriver&#10;remote stacktrace: Backtrace:&#10;&#9;Ordinal0 [0x0042C013+2474003]&#10;&#9;Ordinal0 [0x003C29C1+2042305]&#10;&#9;Ordinal0 [0x002D2F68+1060712]&#10;&#9;Ordinal0 [0x002F188E+1185934]&#10;&#9;Ordinal0 [0x002ED600+1168896]&#10;&#9;Ordinal0 [0x002EAA83+1157763]&#10;&#9;Ordinal0 [0x0031A2A2+1352354]&#10;&#9;Ordinal0 [0x00318FAA+1347498]&#10;&#9;Ordinal0 [0x003166DB+1337051]&#10;&#9;Ordinal0 [0x002F3427+1192999]&#10;&#9;Ordinal0 [0x002F42EE+1196782]&#10;&#9;Ordinal0 [0x002F4279+1196665]&#10;&#9;GetHandleVerifier [0x005B96FC+1590332]&#10;&#9;GetHandleVerifier [0x00668614+2306900]&#10;&#9;GetHandleVerifier [0x004B9E93+543699]&#10;&#9;GetHandleVerifier [0x004B92CE+540686]&#10;&#9;Ordinal0 [0x003C86BA+2066106]&#10;&#9;Ordinal0 [0x003CD1C8+2085320]&#10;&#9;Ordinal0 [0x003CD308+2085640]&#10;&#9;Ordinal0 [0x003D67F3+2123763]&#10;&#9;BaseThreadInitThunk [0x76E27D59+25]&#10;&#9;RtlInitializeExceptionChain [0x77A6B74B+107]&#10;&#9;RtlClearBits [0x77A6B6CF+191]&#10;" type="org.openqa.selenium.SessionNotCreatedException"><![CDATA[Given the user is at registeration page.....................................failed
Then user enters the data in the fields given...............................skipped

StackTrace:
org.openqa.selenium.SessionNotCreatedException: session not created: This version of ChromeDriver only supports Chrome version 90
Current browser version is 114.0.5735.199 with binary path C:\Program Files\Google\Chrome\Application\chrome.exe
Build info: version: '3.141.59', revision: 'e82be7d358', time: '2018-11-14T08:17:03'
System info: host: 'LIN80032459', ip: '10.50.139.125', os.name: 'Windows 11', os.arch: 'amd64', os.version: '10.0', java.version: '17.0.4.1'
Driver info: driver.version: ChromeDriver
remote stacktrace: Backtrace:
	Ordinal0 [0x0042C013+2474003]
	Ordinal0 [0x003C29C1+2042305]
	Ordinal0 [0x002D2F68+1060712]
	Ordinal0 [0x002F188E+1185934]
	Ordinal0 [0x002ED600+1168896]
	Ordinal0 [0x002EAA83+1157763]
	Ordinal0 [0x0031A2A2+1352354]
	Ordinal0 [0x00318FAA+1347498]
	Ordinal0 [0x003166DB+1337051]
	Ordinal0 [0x002F3427+1192999]
	Ordinal0 [0x002F42EE+1196782]
	Ordinal0 [0x002F4279+1196665]
	GetHandleVerifier [0x005B96FC+1590332]
	GetHandleVerifier [0x00668614+2306900]
	GetHandleVerifier [0x004B9E93+543699]
	GetHandleVerifier [0x004B92CE+540686]
	Ordinal0 [0x003C86BA+2066106]
	Ordinal0 [0x003CD1C8+2085320]
	Ordinal0 [0x003CD308+2085640]
	Ordinal0 [0x003D67F3+2123763]
	BaseThreadInitThunk [0x76E27D59+25]
	RtlInitializeExceptionChain [0x77A6B74B+107]
	RtlClearBits [0x77A6B6CF+191]

	at java.base/jdk.internal.reflect.NativeConstructorAccessorImpl.newInstance0(Native Method)
	at java.base/jdk.internal.reflect.NativeConstructorAccessorImpl.newInstance(NativeConstructorAccessorImpl.java:77)
	at java.base/jdk.internal.reflect.DelegatingConstructorAccessorImpl.newInstance(DelegatingConstructorAccessorImpl.java:45)
	at java.base/java.lang.reflect.Constructor.newInstanceWithCaller(Constructor.java:499)
	at java.base/java.lang.reflect.Constructor.newInstance(Constructor.java:480)
	at org.openqa.selenium.remote.W3CHandshakeResponse.lambda$errorHandler$0(W3CHandshakeResponse.java:62)
	at org.openqa.selenium.remote.HandshakeResponse.lambda$getResponseFunction$0(HandshakeResponse.java:30)
	at org.openqa.selenium.remote.ProtocolHandshake.lambda$createSession$0(ProtocolHandshake.java:126)
	at java.base/java.util.stream.ReferencePipeline$3$1.accept(ReferencePipeline.java:197)
	at java.base/java.util.Spliterators$ArraySpliterator.tryAdvance(Spliterators.java:1002)
	at java.base/java.util.stream.ReferencePipeline.forEachWithCancel(ReferencePipeline.java:129)
	at java.base/java.util.stream.AbstractPipeline.copyIntoWithCancel(AbstractPipeline.java:527)
	at java.base/java.util.stream.AbstractPipeline.copyInto(AbstractPipeline.java:513)
	at java.base/java.util.stream.AbstractPipeline.wrapAndCopyInto(AbstractPipeline.java:499)
	at java.base/java.util.stream.FindOps$FindOp.evaluateSequential(FindOps.java:150)
	at java.base/java.util.stream.AbstractPipeline.evaluate(AbstractPipeline.java:234)
	at java.base/java.util.stream.ReferencePipeline.findFirst(ReferencePipeline.java:647)
	at org.openqa.selenium.remote.ProtocolHandshake.createSession(ProtocolHandshake.java:128)
	at org.openqa.selenium.remote.ProtocolHandshake.createSession(ProtocolHandshake.java:74)
	at org.openqa.selenium.remote.HttpCommandExecutor.execute(HttpCommandExecutor.java:136)
	at org.openqa.selenium.remote.service.DriverCommandExecutor.execute(DriverCommandExecutor.java:83)
	at org.openqa.selenium.remote.RemoteWebDriver.execute(RemoteWebDriver.java:552)
	at org.openqa.selenium.remote.RemoteWebDriver.startSession(RemoteWebDriver.java:213)
	at org.openqa.selenium.remote.RemoteWebDriver.<init>(RemoteWebDriver.java:131)
	at org.openqa.selenium.chrome.ChromeDriver.<init>(ChromeDriver.java:181)
	at org.openqa.selenium.chrome.ChromeDriver.<init>(ChromeDriver.java:168)
	at org.openqa.selenium.chrome.ChromeDriver.<init>(ChromeDriver.java:123)
	at stepdefinition.TC2_steps.the_user_is_at_registeration_page(TC2_steps.java:19)
	at ✽.the user is at registeration page(file:///C:/Users/NVISWANA/Downloads/gmailMaven(1)/Gmail_maven/src/test/resources/Features/registration.feature:11)
]]></failure>
    </testcase>
    <testcase classname="Check Login Functionality" name="user should not be able to enter more than 10 characters in first name and last name" time="1.16">
        <failure message="session not created: This version of ChromeDriver only supports Chrome version 90&#10;Current browser version is 114.0.5735.199 with binary path C:\Program Files\Google\Chrome\Application\chrome.exe&#10;Build info: version: '3.141.59', revision: 'e82be7d358', time: '2018-11-14T08:17:03'&#10;System info: host: 'LIN80032459', ip: '10.50.139.125', os.name: 'Windows 11', os.arch: 'amd64', os.version: '10.0', java.version: '17.0.4.1'&#10;Driver info: driver.version: ChromeDriver&#10;remote stacktrace: Backtrace:&#10;&#9;Ordinal0 [0x0042C013+2474003]&#10;&#9;Ordinal0 [0x003C29C1+2042305]&#10;&#9;Ordinal0 [0x002D2F68+1060712]&#10;&#9;Ordinal0 [0x002F188E+1185934]&#10;&#9;Ordinal0 [0x002ED600+1168896]&#10;&#9;Ordinal0 [0x002EAA83+1157763]&#10;&#9;Ordinal0 [0x0031A2A2+1352354]&#10;&#9;Ordinal0 [0x00318FAA+1347498]&#10;&#9;Ordinal0 [0x003166DB+1337051]&#10;&#9;Ordinal0 [0x002F3427+1192999]&#10;&#9;Ordinal0 [0x002F42EE+1196782]&#10;&#9;Ordinal0 [0x002F4279+1196665]&#10;&#9;GetHandleVerifier [0x005B96FC+1590332]&#10;&#9;GetHandleVerifier [0x00668614+2306900]&#10;&#9;GetHandleVerifier [0x004B9E93+543699]&#10;&#9;GetHandleVerifier [0x004B92CE+540686]&#10;&#9;Ordinal0 [0x003C86BA+2066106]&#10;&#9;Ordinal0 [0x003CD1C8+2085320]&#10;&#9;Ordinal0 [0x003CD308+2085640]&#10;&#9;Ordinal0 [0x003D67F3+2123763]&#10;&#9;BaseThreadInitThunk [0x76E27D59+25]&#10;&#9;RtlInitializeExceptionChain [0x77A6B74B+107]&#10;&#9;RtlClearBits [0x77A6B6CF+191]&#10;" type="org.openqa.selenium.SessionNotCreatedException"><![CDATA[Given user is at the registeration page.....................................failed
Then user should be able to enter the wrong <firstName> and <lastName> in the fields.skipped
Then should not be able to go to next page..................................skipped

StackTrace:
org.openqa.selenium.SessionNotCreatedException: session not created: This version of ChromeDriver only supports Chrome version 90
Current browser version is 114.0.5735.199 with binary path C:\Program Files\Google\Chrome\Application\chrome.exe
Build info: version: '3.141.59', revision: 'e82be7d358', time: '2018-11-14T08:17:03'
System info: host: 'LIN80032459', ip: '10.50.139.125', os.name: 'Windows 11', os.arch: 'amd64', os.version: '10.0', java.version: '17.0.4.1'
Driver info: driver.version: ChromeDriver
remote stacktrace: Backtrace:
	Ordinal0 [0x0042C013+2474003]
	Ordinal0 [0x003C29C1+2042305]
	Ordinal0 [0x002D2F68+1060712]
	Ordinal0 [0x002F188E+1185934]
	Ordinal0 [0x002ED600+1168896]
	Ordinal0 [0x002EAA83+1157763]
	Ordinal0 [0x0031A2A2+1352354]
	Ordinal0 [0x00318FAA+1347498]
	Ordinal0 [0x003166DB+1337051]
	Ordinal0 [0x002F3427+1192999]
	Ordinal0 [0x002F42EE+1196782]
	Ordinal0 [0x002F4279+1196665]
	GetHandleVerifier [0x005B96FC+1590332]
	GetHandleVerifier [0x00668614+2306900]
	GetHandleVerifier [0x004B9E93+543699]
	GetHandleVerifier [0x004B92CE+540686]
	Ordinal0 [0x003C86BA+2066106]
	Ordinal0 [0x003CD1C8+2085320]
	Ordinal0 [0x003CD308+2085640]
	Ordinal0 [0x003D67F3+2123763]
	BaseThreadInitThunk [0x76E27D59+25]
	RtlInitializeExceptionChain [0x77A6B74B+107]
	RtlClearBits [0x77A6B6CF+191]

	at java.base/jdk.internal.reflect.NativeConstructorAccessorImpl.newInstance0(Native Method)
	at java.base/jdk.internal.reflect.NativeConstructorAccessorImpl.newInstance(NativeConstructorAccessorImpl.java:77)
	at java.base/jdk.internal.reflect.DelegatingConstructorAccessorImpl.newInstance(DelegatingConstructorAccessorImpl.java:45)
	at java.base/java.lang.reflect.Constructor.newInstanceWithCaller(Constructor.java:499)
	at java.base/java.lang.reflect.Constructor.newInstance(Constructor.java:480)
	at org.openqa.selenium.remote.W3CHandshakeResponse.lambda$errorHandler$0(W3CHandshakeResponse.java:62)
	at org.openqa.selenium.remote.HandshakeResponse.lambda$getResponseFunction$0(HandshakeResponse.java:30)
	at org.openqa.selenium.remote.ProtocolHandshake.lambda$createSession$0(ProtocolHandshake.java:126)
	at java.base/java.util.stream.ReferencePipeline$3$1.accept(ReferencePipeline.java:197)
	at java.base/java.util.Spliterators$ArraySpliterator.tryAdvance(Spliterators.java:1002)
	at java.base/java.util.stream.ReferencePipeline.forEachWithCancel(ReferencePipeline.java:129)
	at java.base/java.util.stream.AbstractPipeline.copyIntoWithCancel(AbstractPipeline.java:527)
	at java.base/java.util.stream.AbstractPipeline.copyInto(AbstractPipeline.java:513)
	at java.base/java.util.stream.AbstractPipeline.wrapAndCopyInto(AbstractPipeline.java:499)
	at java.base/java.util.stream.FindOps$FindOp.evaluateSequential(FindOps.java:150)
	at java.base/java.util.stream.AbstractPipeline.evaluate(AbstractPipeline.java:234)
	at java.base/java.util.stream.ReferencePipeline.findFirst(ReferencePipeline.java:647)
	at org.openqa.selenium.remote.ProtocolHandshake.createSession(ProtocolHandshake.java:128)
	at org.openqa.selenium.remote.ProtocolHandshake.createSession(ProtocolHandshake.java:74)
	at org.openqa.selenium.remote.HttpCommandExecutor.execute(HttpCommandExecutor.java:136)
	at org.openqa.selenium.remote.service.DriverCommandExecutor.execute(DriverCommandExecutor.java:83)
	at org.openqa.selenium.remote.RemoteWebDriver.execute(RemoteWebDriver.java:552)
	at org.openqa.selenium.remote.RemoteWebDriver.startSession(RemoteWebDriver.java:213)
	at org.openqa.selenium.remote.RemoteWebDriver.<init>(RemoteWebDriver.java:131)
	at org.openqa.selenium.chrome.ChromeDriver.<init>(ChromeDriver.java:181)
	at org.openqa.selenium.chrome.ChromeDriver.<init>(ChromeDriver.java:168)
	at org.openqa.selenium.chrome.ChromeDriver.<init>(ChromeDriver.java:123)
	at stepdefinition.TC3_steps.user_is_at_the_registeration_page(TC3_steps.java:20)
	at ✽.user is at the registeration page(file:///C:/Users/NVISWANA/Downloads/gmailMaven(1)/Gmail_maven/src/test/resources/Features/registration.feature:16)
]]></failure>
    </testcase>
    <testcase classname="Check Login Functionality" name="user should not be able to continue with blank fields" time="1.171">
        <failure message="session not created: This version of ChromeDriver only supports Chrome version 90&#10;Current browser version is 114.0.5735.199 with binary path C:\Program Files\Google\Chrome\Application\chrome.exe&#10;Build info: version: '3.141.59', revision: 'e82be7d358', time: '2018-11-14T08:17:03'&#10;System info: host: 'LIN80032459', ip: '10.50.139.125', os.name: 'Windows 11', os.arch: 'amd64', os.version: '10.0', java.version: '17.0.4.1'&#10;Driver info: driver.version: ChromeDriver&#10;remote stacktrace: Backtrace:&#10;&#9;Ordinal0 [0x0042C013+2474003]&#10;&#9;Ordinal0 [0x003C29C1+2042305]&#10;&#9;Ordinal0 [0x002D2F68+1060712]&#10;&#9;Ordinal0 [0x002F188E+1185934]&#10;&#9;Ordinal0 [0x002ED600+1168896]&#10;&#9;Ordinal0 [0x002EAA83+1157763]&#10;&#9;Ordinal0 [0x0031A2A2+1352354]&#10;&#9;Ordinal0 [0x00318FAA+1347498]&#10;&#9;Ordinal0 [0x003166DB+1337051]&#10;&#9;Ordinal0 [0x002F3427+1192999]&#10;&#9;Ordinal0 [0x002F42EE+1196782]&#10;&#9;Ordinal0 [0x002F4279+1196665]&#10;&#9;GetHandleVerifier [0x005B96FC+1590332]&#10;&#9;GetHandleVerifier [0x00668614+2306900]&#10;&#9;GetHandleVerifier [0x004B9E93+543699]&#10;&#9;GetHandleVerifier [0x004B92CE+540686]&#10;&#9;Ordinal0 [0x003C86BA+2066106]&#10;&#9;Ordinal0 [0x003CD1C8+2085320]&#10;&#9;Ordinal0 [0x003CD308+2085640]&#10;&#9;Ordinal0 [0x003D67F3+2123763]&#10;&#9;BaseThreadInitThunk [0x76E27D59+25]&#10;&#9;RtlInitializeExceptionChain [0x77A6B74B+107]&#10;&#9;RtlClearBits [0x77A6B6CF+191]&#10;" type="org.openqa.selenium.SessionNotCreatedException"><![CDATA[Given user should be at the registeration page..............................failed
Then user will click on next button.........................................skipped
And user will not be redirected to next page................................skipped

StackTrace:
org.openqa.selenium.SessionNotCreatedException: session not created: This version of ChromeDriver only supports Chrome version 90
Current browser version is 114.0.5735.199 with binary path C:\Program Files\Google\Chrome\Application\chrome.exe
Build info: version: '3.141.59', revision: 'e82be7d358', time: '2018-11-14T08:17:03'
System info: host: 'LIN80032459', ip: '10.50.139.125', os.name: 'Windows 11', os.arch: 'amd64', os.version: '10.0', java.version: '17.0.4.1'
Driver info: driver.version: ChromeDriver
remote stacktrace: Backtrace:
	Ordinal0 [0x0042C013+2474003]
	Ordinal0 [0x003C29C1+2042305]
	Ordinal0 [0x002D2F68+1060712]
	Ordinal0 [0x002F188E+1185934]
	Ordinal0 [0x002ED600+1168896]
	Ordinal0 [0x002EAA83+1157763]
	Ordinal0 [0x0031A2A2+1352354]
	Ordinal0 [0x00318FAA+1347498]
	Ordinal0 [0x003166DB+1337051]
	Ordinal0 [0x002F3427+1192999]
	Ordinal0 [0x002F42EE+1196782]
	Ordinal0 [0x002F4279+1196665]
	GetHandleVerifier [0x005B96FC+1590332]
	GetHandleVerifier [0x00668614+2306900]
	GetHandleVerifier [0x004B9E93+543699]
	GetHandleVerifier [0x004B92CE+540686]
	Ordinal0 [0x003C86BA+2066106]
	Ordinal0 [0x003CD1C8+2085320]
	Ordinal0 [0x003CD308+2085640]
	Ordinal0 [0x003D67F3+2123763]
	BaseThreadInitThunk [0x76E27D59+25]
	RtlInitializeExceptionChain [0x77A6B74B+107]
	RtlClearBits [0x77A6B6CF+191]

	at java.base/jdk.internal.reflect.NativeConstructorAccessorImpl.newInstance0(Native Method)
	at java.base/jdk.internal.reflect.NativeConstructorAccessorImpl.newInstance(NativeConstructorAccessorImpl.java:77)
	at java.base/jdk.internal.reflect.DelegatingConstructorAccessorImpl.newInstance(DelegatingConstructorAccessorImpl.java:45)
	at java.base/java.lang.reflect.Constructor.newInstanceWithCaller(Constructor.java:499)
	at java.base/java.lang.reflect.Constructor.newInstance(Constructor.java:480)
	at org.openqa.selenium.remote.W3CHandshakeResponse.lambda$errorHandler$0(W3CHandshakeResponse.java:62)
	at org.openqa.selenium.remote.HandshakeResponse.lambda$getResponseFunction$0(HandshakeResponse.java:30)
	at org.openqa.selenium.remote.ProtocolHandshake.lambda$createSession$0(ProtocolHandshake.java:126)
	at java.base/java.util.stream.ReferencePipeline$3$1.accept(ReferencePipeline.java:197)
	at java.base/java.util.Spliterators$ArraySpliterator.tryAdvance(Spliterators.java:1002)
	at java.base/java.util.stream.ReferencePipeline.forEachWithCancel(ReferencePipeline.java:129)
	at java.base/java.util.stream.AbstractPipeline.copyIntoWithCancel(AbstractPipeline.java:527)
	at java.base/java.util.stream.AbstractPipeline.copyInto(AbstractPipeline.java:513)
	at java.base/java.util.stream.AbstractPipeline.wrapAndCopyInto(AbstractPipeline.java:499)
	at java.base/java.util.stream.FindOps$FindOp.evaluateSequential(FindOps.java:150)
	at java.base/java.util.stream.AbstractPipeline.evaluate(AbstractPipeline.java:234)
	at java.base/java.util.stream.ReferencePipeline.findFirst(ReferencePipeline.java:647)
	at org.openqa.selenium.remote.ProtocolHandshake.createSession(ProtocolHandshake.java:128)
	at org.openqa.selenium.remote.ProtocolHandshake.createSession(ProtocolHandshake.java:74)
	at org.openqa.selenium.remote.HttpCommandExecutor.execute(HttpCommandExecutor.java:136)
	at org.openqa.selenium.remote.service.DriverCommandExecutor.execute(DriverCommandExecutor.java:83)
	at org.openqa.selenium.remote.RemoteWebDriver.execute(RemoteWebDriver.java:552)
	at org.openqa.selenium.remote.RemoteWebDriver.startSession(RemoteWebDriver.java:213)
	at org.openqa.selenium.remote.RemoteWebDriver.<init>(RemoteWebDriver.java:131)
	at org.openqa.selenium.chrome.ChromeDriver.<init>(ChromeDriver.java:181)
	at org.openqa.selenium.chrome.ChromeDriver.<init>(ChromeDriver.java:168)
	at org.openqa.selenium.chrome.ChromeDriver.<init>(ChromeDriver.java:123)
	at stepdefinition.TC4_steps.user_is_at_the_registeration_page(TC4_steps.java:17)
	at ✽.user should be at the registeration page(file:///C:/Users/NVISWANA/Downloads/gmailMaven(1)/Gmail_maven/src/test/resources/Features/registration.feature:22)
]]></failure>
    </testcase>
    <testcase classname="Check Login Functionality" name="Verify whether the password must Use 8 or more characters with a mix of letters, numbers &amp; symbols" time="1.195">
        <failure message="session not created: This version of ChromeDriver only supports Chrome version 90&#10;Current browser version is 114.0.5735.199 with binary path C:\Program Files\Google\Chrome\Application\chrome.exe&#10;Build info: version: '3.141.59', revision: 'e82be7d358', time: '2018-11-14T08:17:03'&#10;System info: host: 'LIN80032459', ip: '10.50.139.125', os.name: 'Windows 11', os.arch: 'amd64', os.version: '10.0', java.version: '17.0.4.1'&#10;Driver info: driver.version: ChromeDriver&#10;remote stacktrace: Backtrace:&#10;&#9;Ordinal0 [0x0042C013+2474003]&#10;&#9;Ordinal0 [0x003C29C1+2042305]&#10;&#9;Ordinal0 [0x002D2F68+1060712]&#10;&#9;Ordinal0 [0x002F188E+1185934]&#10;&#9;Ordinal0 [0x002ED600+1168896]&#10;&#9;Ordinal0 [0x002EAA83+1157763]&#10;&#9;Ordinal0 [0x0031A2A2+1352354]&#10;&#9;Ordinal0 [0x00318FAA+1347498]&#10;&#9;Ordinal0 [0x003166DB+1337051]&#10;&#9;Ordinal0 [0x002F3427+1192999]&#10;&#9;Ordinal0 [0x002F42EE+1196782]&#10;&#9;Ordinal0 [0x002F4279+1196665]&#10;&#9;GetHandleVerifier [0x005B96FC+1590332]&#10;&#9;GetHandleVerifier [0x00668614+2306900]&#10;&#9;GetHandleVerifier [0x004B9E93+543699]&#10;&#9;GetHandleVerifier [0x004B92CE+540686]&#10;&#9;Ordinal0 [0x003C86BA+2066106]&#10;&#9;Ordinal0 [0x003CD1C8+2085320]&#10;&#9;Ordinal0 [0x003CD308+2085640]&#10;&#9;Ordinal0 [0x003D67F3+2123763]&#10;&#9;BaseThreadInitThunk [0x76E27D59+25]&#10;&#9;RtlInitializeExceptionChain [0x77A6B74B+107]&#10;&#9;RtlClearBits [0x77A6B6CF+191]&#10;" type="org.openqa.selenium.SessionNotCreatedException"><![CDATA[Given user get to registeration page........................................failed
Then user enters all the details in the registeration form..................skipped
Then user enters wrong password.............................................skipped
Then we veify if the user is not able to register...........................skipped

StackTrace:
org.openqa.selenium.SessionNotCreatedException: session not created: This version of ChromeDriver only supports Chrome version 90
Current browser version is 114.0.5735.199 with binary path C:\Program Files\Google\Chrome\Application\chrome.exe
Build info: version: '3.141.59', revision: 'e82be7d358', time: '2018-11-14T08:17:03'
System info: host: 'LIN80032459', ip: '10.50.139.125', os.name: 'Windows 11', os.arch: 'amd64', os.version: '10.0', java.version: '17.0.4.1'
Driver info: driver.version: ChromeDriver
remote stacktrace: Backtrace:
	Ordinal0 [0x0042C013+2474003]
	Ordinal0 [0x003C29C1+2042305]
	Ordinal0 [0x002D2F68+1060712]
	Ordinal0 [0x002F188E+1185934]
	Ordinal0 [0x002ED600+1168896]
	Ordinal0 [0x002EAA83+1157763]
	Ordinal0 [0x0031A2A2+1352354]
	Ordinal0 [0x00318FAA+1347498]
	Ordinal0 [0x003166DB+1337051]
	Ordinal0 [0x002F3427+1192999]
	Ordinal0 [0x002F42EE+1196782]
	Ordinal0 [0x002F4279+1196665]
	GetHandleVerifier [0x005B96FC+1590332]
	GetHandleVerifier [0x00668614+2306900]
	GetHandleVerifier [0x004B9E93+543699]
	GetHandleVerifier [0x004B92CE+540686]
	Ordinal0 [0x003C86BA+2066106]
	Ordinal0 [0x003CD1C8+2085320]
	Ordinal0 [0x003CD308+2085640]
	Ordinal0 [0x003D67F3+2123763]
	BaseThreadInitThunk [0x76E27D59+25]
	RtlInitializeExceptionChain [0x77A6B74B+107]
	RtlClearBits [0x77A6B6CF+191]

	at java.base/jdk.internal.reflect.NativeConstructorAccessorImpl.newInstance0(Native Method)
	at java.base/jdk.internal.reflect.NativeConstructorAccessorImpl.newInstance(NativeConstructorAccessorImpl.java:77)
	at java.base/jdk.internal.reflect.DelegatingConstructorAccessorImpl.newInstance(DelegatingConstructorAccessorImpl.java:45)
	at java.base/java.lang.reflect.Constructor.newInstanceWithCaller(Constructor.java:499)
	at java.base/java.lang.reflect.Constructor.newInstance(Constructor.java:480)
	at org.openqa.selenium.remote.W3CHandshakeResponse.lambda$errorHandler$0(W3CHandshakeResponse.java:62)
	at org.openqa.selenium.remote.HandshakeResponse.lambda$getResponseFunction$0(HandshakeResponse.java:30)
	at org.openqa.selenium.remote.ProtocolHandshake.lambda$createSession$0(ProtocolHandshake.java:126)
	at java.base/java.util.stream.ReferencePipeline$3$1.accept(ReferencePipeline.java:197)
	at java.base/java.util.Spliterators$ArraySpliterator.tryAdvance(Spliterators.java:1002)
	at java.base/java.util.stream.ReferencePipeline.forEachWithCancel(ReferencePipeline.java:129)
	at java.base/java.util.stream.AbstractPipeline.copyIntoWithCancel(AbstractPipeline.java:527)
	at java.base/java.util.stream.AbstractPipeline.copyInto(AbstractPipeline.java:513)
	at java.base/java.util.stream.AbstractPipeline.wrapAndCopyInto(AbstractPipeline.java:499)
	at java.base/java.util.stream.FindOps$FindOp.evaluateSequential(FindOps.java:150)
	at java.base/java.util.stream.AbstractPipeline.evaluate(AbstractPipeline.java:234)
	at java.base/java.util.stream.ReferencePipeline.findFirst(ReferencePipeline.java:647)
	at org.openqa.selenium.remote.ProtocolHandshake.createSession(ProtocolHandshake.java:128)
	at org.openqa.selenium.remote.ProtocolHandshake.createSession(ProtocolHandshake.java:74)
	at org.openqa.selenium.remote.HttpCommandExecutor.execute(HttpCommandExecutor.java:136)
	at org.openqa.selenium.remote.service.DriverCommandExecutor.execute(DriverCommandExecutor.java:83)
	at org.openqa.selenium.remote.RemoteWebDriver.execute(RemoteWebDriver.java:552)
	at org.openqa.selenium.remote.RemoteWebDriver.startSession(RemoteWebDriver.java:213)
	at org.openqa.selenium.remote.RemoteWebDriver.<init>(RemoteWebDriver.java:131)
	at org.openqa.selenium.chrome.ChromeDriver.<init>(ChromeDriver.java:181)
	at org.openqa.selenium.chrome.ChromeDriver.<init>(ChromeDriver.java:168)
	at org.openqa.selenium.chrome.ChromeDriver.<init>(ChromeDriver.java:123)
	at stepdefinition.TC5_steps.user_get_to_registeration_page(TC5_steps.java:18)
	at ✽.user get to registeration page(file:///C:/Users/NVISWANA/Downloads/gmailMaven(1)/Gmail_maven/src/test/resources/Features/registration.feature:28)
]]></failure>
    </testcase>
</testsuite>
